
 ⛅️ wrangler 4.71.0
───────────────────
✨ Compiled Worker successfully
Your Worker has access to the following bindings:
Binding                                                                   Resource                  Mode
env.DB (portal-db)                                                        D1 Database               local
env.CF_PAGES ("1")                                                        Environment Variable      local
env.CF_PAGES_BRANCH ("main")                                              Environment Variable      local
env.CF_PAGES_COMMIT_SHA ("8761acf6fc831a3405d467bb0557d00d12d27...")      Environment Variable      local
env.CF_PAGES_URL ("https://8761acf.cf-portal-pages.pages...")             Environment Variable      local
env.AUTH_TOKEN ("secret_token_123")                                       Environment Variable      local

⎔ Starting local server...
[wrangler:info] Ready on http://127.0.0.1:8788
[wrangler:info] GET /api/frontend 500 Internal Server Error (27ms)
[wrangler:info] GET /api/frontend 500 Internal Server Error (5ms)
[wrangler:info] GET / 200 OK (35ms)
[wrangler:info] GET /js/config.js 200 OK (7ms)
[wrangler:info] GET /js/common.js 200 OK (12ms)
[wrangler:info] GET /js/slideshow.js 200 OK (10ms)
[wrangler:info] GET /js/intro-block.js 200 OK (9ms)
[wrangler:info] GET /js/section.js 200 OK (13ms)
[wrangler:info] GET /js/modal.js 200 OK (5ms)
[wrangler:info] GET /js/header.js 200 OK (4ms)
[wrangler:info] GET /api/frontend 500 Internal Server Error (3ms)
[wrangler:info] GET /js/footer.js 200 OK (5ms)
[wrangler:info] GET /api/frontend 200 OK (13ms)
[wrangler:info] GET /api/frontend 200 OK (23ms)
[wrangler:info] GET /api/frontend 200 OK (21ms)
[wrangler:info] GET /api/frontend 200 OK (21ms)
[wrangler:info] GET /api/frontend 200 OK (17ms)
[wrangler:info] GET /favicon.ico 200 OK (15ms)
✨ Compiled Worker successfully
⎔ Reloading local server...
⎔ Local server updated and ready
✨ Compiled Worker successfully
⎔ Reloading local server...
⎔ Local server updated and ready
[wrangler:info] GET /api/frontend 200 OK (7ms)
[wrangler:info] GET / 304 Not Modified (21ms)
[wrangler:info] GET /js/config.js 304 Not Modified (20ms)
[wrangler:info] GET /js/footer.js 304 Not Modified (15ms)
[wrangler:info] GET /js/intro-block.js 304 Not Modified (19ms)
[wrangler:info] GET /js/section.js 304 Not Modified (30ms)
[wrangler:info] GET /js/common.js 304 Not Modified (20ms)
[wrangler:info] GET /js/header.js 304 Not Modified (35ms)
[wrangler:info] GET /js/modal.js 304 Not Modified (32ms)
[wrangler:info] GET /js/slideshow.js 304 Not Modified (16ms)
[wrangler:info] GET /api/frontend 200 OK (65ms)
[wrangler:info] GET /api/frontend 200 OK (21ms)
[wrangler:info] GET /api/frontend 200 OK (19ms)
[wrangler:info] GET /api/frontend 200 OK (19ms)
[wrangler:info] GET /api/frontend 200 OK (21ms)
[wrangler:info] GET /api/frontend 200 OK (21ms)
[wrangler:info] GET /favicon.ico 304 Not Modified (11ms)
[wrangler:info] GET /favicon.ico 304 Not Modified (22ms)
[wrangler:info] GET /favicon.ico 304 Not Modified (16ms)
[wrangler:info] GET /favicon.ico 304 Not Modified (17ms)
[wrangler:info] GET /favicon.ico 304 Not Modified (12ms)
[wrangler:info] GET / 304 Not Modified (17ms)
[wrangler:info] GET /js/config.js 304 Not Modified (39ms)
[wrangler:info] GET /js/slideshow.js 304 Not Modified (51ms)
[wrangler:info] GET /js/modal.js 304 Not Modified (35ms)
[wrangler:info] GET /js/footer.js 304 Not Modified (24ms)
[wrangler:info] GET /js/section.js 304 Not Modified (70ms)
[wrangler:info] GET /js/common.js 304 Not Modified (53ms)
[wrangler:info] GET /js/header.js 304 Not Modified (21ms)
[wrangler:info] GET /js/intro-block.js 304 Not Modified (109ms)
[wrangler:info] GET /api/frontend 200 OK (30ms)
[wrangler:info] GET /api/frontend 200 OK (9ms)
[wrangler:info] GET /api/frontend 200 OK (20ms)
[wrangler:info] GET /api/frontend 200 OK (21ms)
[wrangler:info] GET /api/frontend 200 OK (32ms)
[wrangler:info] GET /api/frontend 200 OK (32ms)
[wrangler:info] GET /favicon.ico 304 Not Modified (33ms)
[wrangler:info] GET /favicon.ico 304 Not Modified (63ms)
[wrangler:info] GET /favicon.ico 304 Not Modified (17ms)
[wrangler:info] GET /favicon.ico 304 Not Modified (118ms)
[wrangler:info] GET /favicon.ico 304 Not Modified (28ms)
[wrangler:info] GET /favicon.ico 304 Not Modified (17ms)
[wrangler:info] GET /favicon.ico 304 Not Modified (37ms)
[wrangler:info] GET / 200 OK (32ms)
[wrangler:info] GET /js/common.js 304 Not Modified (18ms)
[wrangler:info] GET /js/slideshow.js 304 Not Modified (22ms)
[wrangler:info] GET /js/section.js 304 Not Modified (31ms)
[wrangler:info] GET /js/config.js 304 Not Modified (26ms)
[wrangler:info] GET /js/intro-block.js 304 Not Modified (42ms)
[wrangler:info] GET /js/header.js 304 Not Modified (26ms)
[wrangler:info] GET /js/modal.js 304 Not Modified (53ms)
[wrangler:info] GET /js/footer.js 304 Not Modified (40ms)
[wrangler:info] GET /api/frontend 200 OK (50ms)
[wrangler:info] GET /favicon.ico 304 Not Modified (34ms)
[wrangler:info] GET /api/frontend 200 OK (28ms)
[wrangler:info] GET /api/frontend 200 OK (48ms)
[wrangler:info] GET /api/frontend 200 OK (48ms)
[wrangler:info] GET /api/frontend 200 OK (45ms)
[wrangler:info] GET /api/frontend 200 OK (51ms)
[wrangler:info] GET /favicon.ico 304 Not Modified (36ms)
[wrangler:info] GET /favicon.ico 304 Not Modified (23ms)
[wrangler:info] GET /favicon.ico 304 Not Modified (18ms)
[wrangler:info] GET /favicon.ico 304 Not Modified (8ms)
[wrangler:info] GET /js/config.js 304 Not Modified (114ms)
[wrangler:info] GET /favicon.ico 304 Not Modified (33ms)
[wrangler:info] GET /js/common.js 304 Not Modified (83ms)
[wrangler:info] GET /favicon.ico 304 Not Modified (43ms)
[wrangler:info] GET /js/intro-block.js 304 Not Modified (99ms)
[wrangler:info] GET /favicon.ico 304 Not Modified (8ms)
[wrangler:info] GET /js/section.js 304 Not Modified (41ms)
[wrangler:info] GET /favicon.ico 304 Not Modified (136ms)
[wrangler:info] GET /api/content/posts 200 OK (117ms)
[wrangler:info] GET /js/common.js 304 Not Modified (21ms)
[wrangler:info] GET /js/slideshow.js 304 Not Modified (35ms)
[wrangler:info] GET /js/section.js 304 Not Modified (48ms)
[wrangler:info] GET /js/modal.js 304 Not Modified (33ms)
[wrangler:info] GET /js/intro-block.js 304 Not Modified (79ms)
[wrangler:info] GET /js/footer.js 304 Not Modified (51ms)
[wrangler:info] GET /js/header.js 304 Not Modified (89ms)
[wrangler:info] GET /js/config.js 304 Not Modified (110ms)
[wrangler:info] GET /api/frontend 200 OK (630ms)
[wrangler:info] GET /api/frontend 200 OK (674ms)
[wrangler:info] GET /api/frontend 200 OK (572ms)
[wrangler:info] GET /api/frontend 200 OK (567ms)
[wrangler:info] GET /api/frontend 200 OK (566ms)
[wrangler:info] GET /api/frontend 200 OK (402ms)
[wrangler:info] GET /favicon.ico 304 Not Modified (205ms)
[wrangler:info] GET /favicon.ico 304 Not Modified (89ms)
[wrangler:info] GET /favicon.ico 304 Not Modified (76ms)
[wrangler:info] GET /discover 200 OK (30ms)
[wrangler:info] GET /js/slideshow.js 304 Not Modified (55ms)
[wrangler:info] GET /js/intro-block.js 304 Not Modified (54ms)
[wrangler:info] GET /js/common.js 304 Not Modified (134ms)
[wrangler:info] GET /js/config.js 304 Not Modified (134ms)
[wrangler:info] GET /js/section.js 304 Not Modified (90ms)
[wrangler:info] GET /js/footer.js 304 Not Modified (82ms)
[wrangler:info] GET /js/modal.js 304 Not Modified (144ms)
[wrangler:info] GET /js/header.js 304 Not Modified (154ms)
[wrangler:info] GET /api/frontend 200 OK (60ms)
[wrangler:info] GET /api/frontend 200 OK (64ms)
[wrangler:info] GET /api/frontend 200 OK (111ms)
[wrangler:info] GET /api/frontend 200 OK (111ms)
[wrangler:info] GET /favicon.ico 304 Not Modified (133ms)
[wrangler:info] GET /api/frontend 200 OK (84ms)
[wrangler:info] GET /api/frontend 200 OK (86ms)
[wrangler:info] GET / 200 OK (136ms)
[wrangler:info] GET /js/config.js 304 Not Modified (69ms)
[wrangler:info] GET /js/common.js 304 Not Modified (75ms)
[wrangler:info] GET /js/slideshow.js 304 Not Modified (97ms)
[wrangler:info] GET /js/intro-block.js 304 Not Modified (84ms)
[wrangler:info] GET /js/section.js 304 Not Modified (114ms)
[wrangler:info] GET /js/header.js 304 Not Modified (136ms)
[wrangler:info] GET /js/modal.js 304 Not Modified (203ms)
[wrangler:info] GET /js/footer.js 304 Not Modified (146ms)
[wrangler:info] GET /api/frontend 200 OK (191ms)
[wrangler:info] GET /api/frontend 200 OK (11186ms)
[wrangler:info] GET /api/frontend 200 OK (11153ms)
[wrangler:info] GET /favicon.ico 200 OK (1895ms)
[wrangler:info] GET /api/frontend 200 OK (14034ms)
[wrangler:info] GET /api/frontend 200 OK (15909ms)
[wrangler:info] GET /api/frontend 200 OK (15969ms)
[wrangler:info] GET /api/frontend 200 OK (3550ms)
[wrangler:info] GET /api/frontend 200 OK (3550ms)
[wrangler:info] GET /api/frontend 200 OK (2903ms)
[wrangler:info] GET / 304 Not Modified (85ms)
[wrangler:info] GET /js/config.js 304 Not Modified (59ms)
[wrangler:info] GET /js/common.js 304 Not Modified (52ms)
[wrangler:info] GET /js/header.js 304 Not Modified (67ms)
[wrangler:info] GET /js/slideshow.js 304 Not Modified (122ms)
[wrangler:info] GET /js/intro-block.js 304 Not Modified (233ms)
[wrangler:info] GET /js/section.js 304 Not Modified (258ms)
[wrangler:info] GET /js/modal.js 304 Not Modified (257ms)
[wrangler:info] GET /js/footer.js 304 Not Modified (195ms)
[wrangler:info] GET /api/frontend 200 OK (432ms)
[wrangler:info] GET /api/frontend 200 OK (117ms)
[wrangler:info] GET /api/frontend 200 OK (123ms)
[wrangler:info] GET /api/frontend 200 OK (111ms)
[wrangler:info] GET /api/frontend 200 OK (110ms)
[wrangler:info] GET /api/frontend 200 OK (108ms)
[wrangler:info] GET /favicon.ico 304 Not Modified (91ms)
[wrangler:info] GET /discover 200 OK (94ms)
[wrangler:info] GET /js/slideshow.js 304 Not Modified (28ms)
[wrangler:info] GET /js/config.js 304 Not Modified (33ms)
[wrangler:info] GET /js/common.js 304 Not Modified (39ms)
[wrangler:info] GET /js/intro-block.js 304 Not Modified (33ms)
[wrangler:info] GET /js/footer.js 304 Not Modified (18ms)
[wrangler:info] GET /js/header.js 304 Not Modified (17ms)
[wrangler:info] GET /js/section.js 304 Not Modified (36ms)
[wrangler:info] GET /js/modal.js 304 Not Modified (43ms)
[wrangler:info] GET /api/frontend 200 OK (130ms)
[wrangler:info] GET /api/frontend 200 OK (81ms)
[wrangler:info] GET /api/frontend 200 OK (84ms)
[wrangler:info] GET /api/frontend 200 OK (121ms)
[wrangler:info] GET /api/frontend 200 OK (121ms)
[wrangler:info] GET /api/frontend 200 OK (117ms)
[wrangler:info] GET /favicon.ico 304 Not Modified (79ms)
[wrangler:info] GET /favicon.ico 304 Not Modified (198ms)
[wrangler:info] GET /favicon.ico 304 Not Modified (52ms)
[wrangler:info] GET /eat 200 OK (19ms)
[wrangler:info] GET /js/config.js 304 Not Modified (17ms)
[wrangler:info] GET /js/common.js 304 Not Modified (22ms)
[wrangler:info] GET /js/slideshow.js 304 Not Modified (22ms)
[wrangler:info] GET /js/header.js 304 Not Modified (10ms)
[wrangler:info] GET /js/section.js 304 Not Modified (26ms)
[wrangler:info] GET /js/footer.js 304 Not Modified (12ms)
[wrangler:info] GET /js/modal.js 304 Not Modified (36ms)
[wrangler:info] GET /js/intro-block.js 304 Not Modified (16ms)
[wrangler:info] GET /api/frontend 200 OK (55ms)
[wrangler:info] GET /favicon.ico 304 Not Modified (37ms)
[wrangler:info] GET /api/frontend 200 OK (30ms)
[wrangler:info] GET /api/frontend 200 OK (33ms)
[wrangler:info] GET /api/frontend 200 OK (33ms)
[wrangler:info] GET /api/frontend 200 OK (41ms)
[wrangler:info] GET /api/frontend 200 OK (40ms)
[wrangler:info] GET /savor 200 OK (38ms)
[wrangler:info] GET /js/config.js 304 Not Modified (27ms)
[wrangler:info] GET /js/intro-block.js 304 Not Modified (25ms)
[wrangler:info] GET /js/section.js 304 Not Modified (14ms)
[wrangler:info] GET /js/common.js 304 Not Modified (16ms)
[wrangler:info] GET /js/slideshow.js 304 Not Modified (17ms)
[wrangler:info] GET /js/header.js 304 Not Modified (12ms)
[wrangler:info] GET /js/modal.js 304 Not Modified (20ms)
[wrangler:info] GET /js/footer.js 304 Not Modified (11ms)
[wrangler:info] GET /api/frontend 200 OK (21ms)
[wrangler:info] GET /favicon.ico 304 Not Modified (22ms)
[wrangler:info] GET /api/frontend 200 OK (15ms)
[wrangler:info] GET /api/frontend 200 OK (17ms)
[wrangler:info] GET /api/frontend 200 OK (27ms)
[wrangler:info] GET /api/frontend 200 OK (26ms)
[wrangler:info] GET /api/frontend 200 OK (26ms)
[wrangler:info] GET /savor 304 Not Modified (19ms)
[wrangler:info] GET /js/config.js 304 Not Modified (4ms)
[wrangler:info] GET /js/common.js 304 Not Modified (6ms)
[wrangler:info] GET /js/footer.js 304 Not Modified (10ms)
[wrangler:info] GET /js/slideshow.js 304 Not Modified (13ms)
[wrangler:info] GET /js/intro-block.js 304 Not Modified (33ms)
[wrangler:info] GET /js/modal.js 304 Not Modified (27ms)
[wrangler:info] GET /js/section.js 304 Not Modified (37ms)
[wrangler:info] GET /js/header.js 304 Not Modified (39ms)
[wrangler:info] GET /api/frontend 200 OK (19ms)
[wrangler:info] GET /api/frontend 200 OK (6ms)
[wrangler:info] GET /api/frontend 200 OK (16ms)
[wrangler:info] GET /api/frontend 200 OK (16ms)
[wrangler:info] GET /api/frontend 200 OK (16ms)
[wrangler:info] GET /api/frontend 200 OK (16ms)
[wrangler:info] GET /favicon.ico 304 Not Modified (9ms)
[wrangler:info] GET /favicon.ico 304 Not Modified (71ms)
[wrangler:info] GET /favicon.ico 304 Not Modified (11ms)
[wrangler:info] GET /discover 304 Not Modified (9ms)
[wrangler:info] GET /js/common.js 304 Not Modified (6ms)
[wrangler:info] GET /js/config.js 304 Not Modified (13ms)
[wrangler:info] GET /js/slideshow.js 304 Not Modified (10ms)
[wrangler:info] GET /js/header.js 304 Not Modified (8ms)
[wrangler:info] GET /js/footer.js 304 Not Modified (7ms)
[wrangler:info] GET /js/intro-block.js 304 Not Modified (12ms)
[wrangler:info] GET /js/section.js 304 Not Modified (17ms)
[wrangler:info] GET /js/modal.js 304 Not Modified (19ms)
[wrangler:info] GET /api/frontend 200 OK (14ms)
[wrangler:info] GET /api/frontend 200 OK (4ms)
[wrangler:info] GET /api/frontend 200 OK (19ms)
[wrangler:info] GET /api/frontend 200 OK (19ms)
[wrangler:info] GET /api/frontend 200 OK (19ms)
[wrangler:info] GET /api/frontend 200 OK (19ms)
[wrangler:info] GET /favicon.ico 304 Not Modified (53ms)
[wrangler:info] GET /savor 304 Not Modified (10ms)
[wrangler:info] GET /js/modal.js 304 Not Modified (17ms)
[wrangler:info] GET /js/config.js 304 Not Modified (20ms)
[wrangler:info] GET /js/header.js 304 Not Modified (15ms)
[wrangler:info] GET /js/slideshow.js 304 Not Modified (12ms)
[wrangler:info] GET /js/intro-block.js 304 Not Modified (15ms)
[wrangler:info] GET /js/common.js 304 Not Modified (12ms)
[wrangler:info] GET /js/section.js 304 Not Modified (13ms)
[wrangler:info] GET /js/footer.js 304 Not Modified (53ms)
[wrangler:info] GET /api/frontend 200 OK (21ms)
[wrangler:info] GET /favicon.ico 304 Not Modified (3ms)
[wrangler:info] GET /api/frontend 200 OK (4ms)
[wrangler:info] GET /api/frontend 200 OK (11ms)
[wrangler:info] GET /api/frontend 200 OK (11ms)
[wrangler:info] GET /api/frontend 200 OK (11ms)
[wrangler:info] GET /api/frontend 200 OK (11ms)
[wrangler:info] GET / 304 Not Modified (8ms)
[wrangler:info] GET /js/slideshow.js 304 Not Modified (8ms)
[wrangler:info] GET /js/config.js 304 Not Modified (8ms)
[wrangler:info] GET /js/header.js 304 Not Modified (7ms)
[wrangler:info] GET /js/common.js 304 Not Modified (12ms)
[wrangler:info] GET /js/section.js 304 Not Modified (12ms)
[wrangler:info] GET /js/intro-block.js 304 Not Modified (8ms)
[wrangler:info] GET /js/footer.js 304 Not Modified (9ms)
[wrangler:info] GET /js/modal.js 304 Not Modified (9ms)
[wrangler:info] GET /api/frontend 200 OK (12ms)
[wrangler:info] GET /favicon.ico 304 Not Modified (4ms)
[wrangler:info] GET /api/frontend 200 OK (6ms)
[wrangler:info] GET /api/frontend 200 OK (7ms)
[wrangler:info] GET /api/frontend 200 OK (11ms)
[wrangler:info] GET /api/frontend 200 OK (11ms)
[wrangler:info] GET /api/frontend 200 OK (11ms)
[wrangler:info] GET /favicon.ico 304 Not Modified (26ms)
[wrangler:info] GET /favicon.ico 304 Not Modified (6ms)
[wrangler:info] GET /savor 304 Not Modified (38ms)
[wrangler:info] GET /js/config.js 304 Not Modified (12ms)
[wrangler:info] GET /js/intro-block.js 304 Not Modified (13ms)
[wrangler:info] GET /js/slideshow.js 304 Not Modified (17ms)
[wrangler:info] GET /js/section.js 304 Not Modified (14ms)
[wrangler:info] GET /js/common.js 304 Not Modified (16ms)
[wrangler:info] GET /js/modal.js 304 Not Modified (14ms)
[wrangler:info] GET /js/header.js 304 Not Modified (17ms)
[wrangler:info] GET /js/footer.js 304 Not Modified (20ms)
[wrangler:info] GET /api/frontend 200 OK (30ms)
[wrangler:info] GET /api/frontend 200 OK (23ms)
[wrangler:info] GET /api/frontend 200 OK (56ms)
[wrangler:info] GET /api/frontend 200 OK (57ms)
[wrangler:info] GET /api/frontend 200 OK (59ms)
[wrangler:info] GET /api/frontend 200 OK (59ms)
[wrangler:info] GET /favicon.ico 304 Not Modified (48ms)
